2017-09-13 20:18:51.474 [WRN] LTND: read /tmp/lndtest-data293453061: is a directory
2017-09-13 20:18:51.474 [INF] LTND: Version 0.3.0-alpha
2017-09-13 20:18:51.474 [INF] CHDB: Checking for schema update: latest_version=0, db_version=0
2017-09-13 20:18:51.475 [INF] LTND: Primary chain is set to: bitcoin
2017-09-13 20:18:55.369 [INF] LNWL: Opened wallet
2017-09-13 20:18:56.760 [INF] LNWL: The wallet has been unlocked without a time limit
2017-09-13 20:18:56.761 [INF] LTND: LightningWallet opened
2017-09-13 20:18:56.762 [INF] LNWL: Catching up block hashes to height 397, this will take a while...
2017-09-13 20:18:56.762 [INF] RPCS: Generating TLS certificates...
2017-09-13 20:18:56.831 [INF] LNWL: Done catching up block hashes
2017-09-13 20:18:56.832 [INF] LNWL: Started rescan from block 7fb173960ca425c1358b1c50c3169b18a637082a8dff68d32b9f293d6f70aaf9 (height 397) for 0 addresses
2017-09-13 20:18:56.833 [INF] LNWL: Finished rescan for 0 addresses (synced to block 7fb173960ca425c1358b1c50c3169b18a637082a8dff68d32b9f293d6f70aaf9, height 397)
2017-09-13 20:18:56.833 [INF] LNWL: Catching up block hashes to height 397, this might take a while
2017-09-13 20:18:56.833 [INF] LNWL: Done catching up block hashes
2017-09-13 20:18:58.786 [INF] RPCS: Done generating TLS certificates
2017-09-13 20:18:58.788 [INF] RPCS: RPC server listening on 127.0.0.1:19566
2017-09-13 20:18:58.790 [ERR] LTND: gRPC proxy unable to listen on localhost:8080
2017-09-13 20:18:58.863 [INF] HSWC: Starting HTLC Switch
2017-09-13 20:18:58.863 [INF] NTFN: New block epoch subscription
2017-09-13 20:18:58.865 [INF] DISC: Authenticated Gossiper is starting
2017-09-13 20:18:58.865 [INF] NTFN: New block epoch subscription
2017-09-13 20:18:58.865 [INF] CRTR: FilteredChainView starting
2017-09-13 20:18:58.899 [INF] SRVR: Established connection to: 127.0.0.1:19555
2017-09-13 20:18:58.900 [INF] DISC: Syncing channel graph state with 03678ca637909310e8848c4f3c0c79cf53d9b55ade75a453e912ea333f7a8ce5a5, sending 1 vertexes and 0 edges
2017-09-13 20:18:58.900 [INF] SRVR: Attempting to send msgs 1 to: 03678ca637909310e8848c4f3c0c79cf53d9b55ade75a453e912ea333f7a8ce5a5
2017-09-13 20:18:58.911 [INF] RPCS: [newaddress] addr=sb1qdjkuvg4u4ljw3wlygy95kcw6jssrnf2wxg90g5
2017-09-13 20:18:58.913 [INF] LNWL: Inserting unconfirmed transaction 9031643640ce3a1fe5c960c7a09d5d561980fe9c91e001940969404849d136b1
2017-09-13 20:18:58.924 [INF] LNWL: Marking unconfirmed transaction 9031643640ce3a1fe5c960c7a09d5d561980fe9c91e001940969404849d136b1 mined in block 398
2017-09-13 20:18:58.928 [INF] NTFN: New block: height=398, sha=4e2514c6a9c16e1b157e11c79668431685d5b94531c5142e67e507b898b4fd3b
2017-09-13 20:18:58.933 [INF] NTFN: New block: height=399, sha=4bc5b58dd06b6bfac8ec3bb8cfdc133fa3c409d7be8bfda2e3c70c88cf5ed100
2017-09-13 20:18:58.933 [INF] NTFN: New block: height=400, sha=5ea17b8767bcfda740060c9aff16a5dcb5b06f791bcde490355fe09d567663d2
2017-09-13 20:18:58.933 [INF] CRTR: Prune tip for Channel Graph: height=0, hash=<nil>
2017-09-13 20:18:58.933 [INF] CRTR: Filtering chain using 0 channels active
2017-09-13 20:18:58.934 [INF] SRVR: Auto peer bootstrapping is disabled
2017-09-13 20:18:58.934 [INF] NTFN: New block: height=401, sha=2455876a2bdfb9bc722f12e4fed6a121d4ce17360fece0843e10d89f562fb5a1
2017-09-13 20:18:58.934 [INF] CMGR: Server listening on [::]:19565
2017-09-13 20:18:58.934 [INF] NTFN: New block: height=402, sha=1f27d23cd7fa27ee849216b76c9ba6f4c04d3282d7a155565d5747182975f634
2017-09-13 20:18:58.935 [INF] NTFN: New block: height=403, sha=0267b98281dd4b4b831b486e9b965402a9e3e52051a9b6f6384ca7569ea1560a
2017-09-13 20:18:58.936 [INF] CRTR: New channel discovered! Link connects 030aa66d04686ed2775b159168451f0b2ea6604e42075591ddb22516f45d038dd2 and 03678ca637909310e8848c4f3c0c79cf53d9b55ade75a453e912ea333f7a8ce5a5 with ChannelPoint(f58f71aa05c561cba70e4a169630b6cd9a17817fbc6b6b22bc971c2b35cbe937:0): chan_id=436506116292608, capacity=0.001 BTC
2017-09-13 20:18:58.937 [INF] CRTR: New channel update applied: (*channeldb.ChannelEdgePolicy)(0xc43051ef60)({
 Signature: (*btcec.Signature)(0xc420166440)({
  R: (*big.Int)(0xc420126860)(54786697820672714013045995003473919113926265060363679720618141353879138429032),
  S: (*big.Int)(0xc420126880)(25615002469048096331920441079390940031313755689657734450855826401776198452300)
 }),
 ChannelID: (uint64) 436506116292608,
 LastUpdate: (time.Time) 2017-09-13 20:18:51 +1000 AEST,
 Flags: (uint16) 0,
 TimeLockDelta: (uint16) 144,
 MinHTLC: (lnwire.MilliSatoshi) 0 mSAT,
 FeeBaseMSat: (lnwire.MilliSatoshi) 1000 mSAT,
 FeeProportionalMillionths: (lnwire.MilliSatoshi) 1 mSAT,
 Node: (*channeldb.LightningNode)(<nil>),
 db: (*channeldb.DB)(<nil>)
})

2017-09-13 20:18:58.938 [INF] CRTR: New channel update applied: (*channeldb.ChannelEdgePolicy)(0xc4201530e0)({
 Signature: (*btcec.Signature)(0xc420216040)({
  R: (*big.Int)(0xc4305ca5c0)(18429244220958121792442710285534645084625051740239385836400167438930094867178),
  S: (*big.Int)(0xc4305ca5e0)(28694982931329357869008578193743412006192930997383327459350613370666391524517)
 }),
 ChannelID: (uint64) 436506116292608,
 LastUpdate: (time.Time) 2017-09-13 20:18:51 +1000 AEST,
 Flags: (uint16) 1,
 TimeLockDelta: (uint16) 144,
 MinHTLC: (lnwire.MilliSatoshi) 0 mSAT,
 FeeBaseMSat: (lnwire.MilliSatoshi) 1000 mSAT,
 FeeProportionalMillionths: (lnwire.MilliSatoshi) 1 mSAT,
 Node: (*channeldb.LightningNode)(<nil>),
 db: (*channeldb.DB)(<nil>)
})

2017-09-13 20:18:58.939 [INF] CRTR: Updated vertex data for node=030aa66d04686ed2775b159168451f0b2ea6604e42075591ddb22516f45d038dd2
2017-09-13 20:18:58.940 [INF] CRTR: Updated vertex data for node=03678ca637909310e8848c4f3c0c79cf53d9b55ade75a453e912ea333f7a8ce5a5
2017-09-13 20:18:58.980 [INF] FNDG: Initiating fundingRequest(localAmt=0.001 BTC, remoteAmt=0 mSAT, capacity=0.001 BTC, chainhash=683e86bd5c6d110d91b94b97137ba6bfe02dbbdb8e3dff722a669b5d69d77af6, addr=127.0.0.1:19555, dustLimit=0.00000573 BTC)
2017-09-13 20:18:58.980 [INF] LNWL: Performing coin selection using 50 sat/byte as fee rate
2017-09-13 20:18:58.983 [INF] FNDG: Target sat/kw for pendingID(342996c4a3e4a78320758e7b32ed2cf4c0b293b2be681691cd9fd663a79ce0b2): 12000
2017-09-13 20:18:58.983 [INF] FNDG: Starting funding workflow with 127.0.0.1:19555 for pendingID(342996c4a3e4a78320758e7b32ed2cf4c0b293b2be681691cd9fd663a79ce0b2)
2017-09-13 20:18:58.983 [INF] SRVR: Attempting to send msgs 1 to: 03678ca637909310e8848c4f3c0c79cf53d9b55ade75a453e912ea333f7a8ce5a5
2017-09-13 20:18:58.987 [INF] FNDG: Recv'd fundingResponse for pendingID(342996c4a3e4a78320758e7b32ed2cf4c0b293b2be681691cd9fd663a79ce0b2)
2017-09-13 20:18:58.990 [INF] FNDG: pendingChan(342996c4a3e4a78320758e7b32ed2cf4c0b293b2be681691cd9fd663a79ce0b2): remote party proposes num_confs=1, csv_delay=4
2017-09-13 20:18:58.990 [INF] FNDG: Generated ChannelPoint(7baf1f7110b30b61804dc8408c332fc407d35ccd98b9e5b96703ed4d0950f487:0) for pendingID(342996c4a3e4a78320758e7b32ed2cf4c0b293b2be681691cd9fd663a79ce0b2)
2017-09-13 20:18:58.990 [INF] SRVR: Attempting to send msgs 1 to: 03678ca637909310e8848c4f3c0c79cf53d9b55ade75a453e912ea333f7a8ce5a5
2017-09-13 20:18:58.994 [INF] LNWL: Broadcasting funding tx for ChannelPoint(7baf1f7110b30b61804dc8408c332fc407d35ccd98b9e5b96703ed4d0950f487:0): (*wire.MsgTx)(0xc42015ce80)({
 Version: (int32) 1,
 TxIn: ([]*wire.TxIn) (len=1 cap=15) {
  (*wire.TxIn)(0xc420199380)({
   PreviousOutPoint: (wire.OutPoint) 9031643640ce3a1fe5c960c7a09d5d561980fe9c91e001940969404849d136b1:0,
   SignatureScript: ([]uint8) <nil>,
   Witness: (wire.TxWitness) (len=2 cap=2) {
    ([]uint8) (len=72 cap=144) {
     00000000  30 45 02 21 00 ae 26 fa  03 a0 e1 a1 e9 8f 54 06  |0E.!..&.......T.|
     00000010  67 a6 f2 a3 b9 e7 04 19  a6 2a 02 24 f7 f3 16 84  |g........*.$....|
     00000020  f7 3b 8d 75 8d 02 20 50  39 f3 00 58 21 cb a8 6f  |.;.u.. P9..X!..o|
     00000030  ac 06 a4 8c d7 52 fd d5  e6 cb ed f4 73 fc 16 0d  |.....R......s...|
     00000040  44 00 ac 42 bc 2a 0a 01                           |D..B.*..|
    },
    ([]uint8) (len=33 cap=33) {
     00000000  02 ef 25 29 61 e6 6c a4  da 7a 48 46 50 31 67 2f  |..%)a.l..zHFP1g/|
     00000010  17 23 94 15 4e 95 ca 4a  06 6b be 39 ce c9 36 7d  |.#..N..J.k.9..6}|
     00000020  fe                                                |.|
    }
   },
   Sequence: (uint32) 4294967295
  })
 },
 TxOut: ([]*wire.TxOut) (len=2 cap=15) {
  (*wire.TxOut)(0xc420568ea0)({
   Value: (int64) 100000,
   PkScript: ([]uint8) (len=34 cap=500) {
    00000000  00 20 f3 b5 d4 6d 36 6f  eb 3a 3f 74 aa 15 8f eb  |. ...m6o.:?t....|
    00000010  85 7a a5 99 69 af 84 94  b0 6a d2 7b 4d 9c 46 d2  |.z..i....j.{M.F.|
    00000020  61 14                                             |a.|
   }
  }),
  (*wire.TxOut)(0xc42000cbc0)({
   Value: (int64) 99890000,
   PkScript: ([]uint8) (len=22 cap=500) {
    00000000  00 14 89 4f 4b 28 e2 72  56 39 0b f9 c9 49 0d c2  |...OK(.rV9...I..|
    00000010  c5 81 9e 51 0a bc                                 |...Q..|
   }
  })
 },
 LockTime: (uint32) 0
})

2017-09-13 20:18:58.995 [INF] FNDG: Finalizing pendingID(342996c4a3e4a78320758e7b32ed2cf4c0b293b2be681691cd9fd663a79ce0b2) over ChannelPoint(7baf1f7110b30b61804dc8408c332fc407d35ccd98b9e5b96703ed4d0950f487:0), waiting for channel open on-chain
2017-09-13 20:18:58.995 [INF] FNDG: Waiting for funding tx (7baf1f7110b30b61804dc8408c332fc407d35ccd98b9e5b96703ed4d0950f487) to reach 1 confirmations
2017-09-13 20:18:58.995 [INF] NTFN: New confirmations subscription: txid=7baf1f7110b30b61804dc8408c332fc407d35ccd98b9e5b96703ed4d0950f487, numconfs=1
2017-09-13 20:18:58.995 [INF] NTFN: Attempting to trigger dispatch for 7baf1f7110b30b61804dc8408c332fc407d35ccd98b9e5b96703ed4d0950f487 from historical chain
2017-09-13 20:18:58.995 [INF] LNWL: Inserting unconfirmed transaction 7baf1f7110b30b61804dc8408c332fc407d35ccd98b9e5b96703ed4d0950f487
2017-09-13 20:18:58.996 [WRN] NTFN: unable to query for txid(7baf1f7110b30b61804dc8408c332fc407d35ccd98b9e5b96703ed4d0950f487): <nil>
2017-09-13 20:18:59.005 [INF] LNWL: Marking unconfirmed transaction 7baf1f7110b30b61804dc8408c332fc407d35ccd98b9e5b96703ed4d0950f487 mined in block 404
2017-09-13 20:18:59.007 [INF] NTFN: New block: height=404, sha=106d27c76ea8c87368fe28dfa5aac556d76984c0169e641f5460ad36c00b2b8d
2017-09-13 20:18:59.007 [INF] NTFN: Dispatching single conf notification, sha=7baf1f7110b30b61804dc8408c332fc407d35ccd98b9e5b96703ed4d0950f487, height=404
2017-09-13 20:18:59.007 [INF] FNDG: ChannelPoint(7baf1f7110b30b61804dc8408c332fc407d35ccd98b9e5b96703ed4d0950f487:0) is now active: ChannelID(87f450094ded0367b9e5b998cd5cd307c42f338c40c84d80610bb310711faf7b)
2017-09-13 20:18:59.008 [INF] CRTR: Pruning channel graph using block 106d27c76ea8c87368fe28dfa5aac556d76984c0169e641f5460ad36c00b2b8d (height=404)
2017-09-13 20:18:59.008 [INF] CRTR: Block 106d27c76ea8c87368fe28dfa5aac556d76984c0169e641f5460ad36c00b2b8d (height=404) closed 0 channels
2017-09-13 20:18:59.008 [INF] SRVR: Attempting to send msgs 1 to: 03678ca637909310e8848c4f3c0c79cf53d9b55ade75a453e912ea333f7a8ce5a5
2017-09-13 20:18:59.008 [INF] FNDG: Announcing ChannelPoint(7baf1f7110b30b61804dc8408c332fc407d35ccd98b9e5b96703ed4d0950f487:0), short_chan_id=(*lnwire.ShortChannelID)(0xc420162044)({
 BlockHeight: (uint32) 404,
 TxIndex: (uint32) 1,
 TxPosition: (uint16) 0
})

2017-09-13 20:18:59.010 [INF] CRTR: New channel discovered! Link connects 03678ca637909310e8848c4f3c0c79cf53d9b55ade75a453e912ea333f7a8ce5a5 and 03caa8eefcf64a54188f01762f9869fe9d851e52a470e706a22030d4a36e31e3ba with ChannelPoint(7baf1f7110b30b61804dc8408c332fc407d35ccd98b9e5b96703ed4d0950f487:0): chan_id=444202697687040, capacity=0.001 BTC
2017-09-13 20:18:59.011 [INF] CRTR: New channel update applied: (*channeldb.ChannelEdgePolicy)(0xc4201999e0)({
 Signature: (*btcec.Signature)(0xc4201146b0)({
  R: (*big.Int)(0xc4305ec540)(9722726132431620464909584147420636351177744275198659719001372863919488086066),
  S: (*big.Int)(0xc4305ec6a0)(11874736542204507415268920373766218628023592976020533153489976793810761348401)
 }),
 ChannelID: (uint64) 444202697687040,
 LastUpdate: (time.Time) 2017-09-13 20:18:59 +1000 AEST,
 Flags: (uint16) 1,
 TimeLockDelta: (uint16) 144,
 MinHTLC: (lnwire.MilliSatoshi) 0 mSAT,
 FeeBaseMSat: (lnwire.MilliSatoshi) 1000 mSAT,
 FeeProportionalMillionths: (lnwire.MilliSatoshi) 1 mSAT,
 Node: (*channeldb.LightningNode)(<nil>),
 db: (*channeldb.DB)(<nil>)
})

2017-09-13 20:18:59.011 [INF] DISC: Received new channel announcement: (*lnwire.AnnounceSignatures)(0xc420178040)({
 ChannelID: (lnwire.ChannelID) (len=32 cap=32) 87f450094ded0367b9e5b998cd5cd307c42f338c40c84d80610bb310711faf7b,
 ShortChannelID: (lnwire.ShortChannelID) {
  BlockHeight: (uint32) 404,
  TxIndex: (uint32) 1,
  TxPosition: (uint16) 0
 },
 NodeSignature: (*btcec.Signature)(0xc4201146c0)({
  R: (*big.Int)(0xc4305ec720)(61458777125689574121609529626735483573219283647573559909007328209638516328664),
  S: (*big.Int)(0xc4305ec780)(37852109506995027024429863869470766050860726398152118132239225492462392572734)
 }),
 BitcoinSignature: (*btcec.Signature)(0xc4201146d0)({
  R: (*big.Int)(0xc4305ec860)(50550703758018962899285187589859927738600398017058082366760434306047849141704),
  S: (*big.Int)(0xc4305ec900)(26102033650678461810135375275082785983539823033677183500620312237509980024355)
 })
})

2017-09-13 20:18:59.022 [INF] SRVR: Attempting to send msgs 1 to: 03678ca637909310e8848c4f3c0c79cf53d9b55ade75a453e912ea333f7a8ce5a5
2017-09-13 20:18:59.022 [INF] DISC: Sent channel announcement proof for short_chan_id=444202697687040 to remote peer: 03678ca637909310e8848c4f3c0c79cf53d9b55ade75a453e912ea333f7a8ce5a5
2017-09-13 20:18:59.022 [INF] DISC: 1/2 of channel ann proof received for short_chan_id=444202697687040, waiting for other half
2017-09-13 20:18:59.022 [INF] DISC: Received new channel announcement: (*lnwire.AnnounceSignatures)(0xc42015c900)({
 ChannelID: (lnwire.ChannelID) (len=32 cap=32) 87f450094ded0367b9e5b998cd5cd307c42f338c40c84d80610bb310711faf7b,
 ShortChannelID: (lnwire.ShortChannelID) {
  BlockHeight: (uint32) 404,
  TxIndex: (uint32) 1,
  TxPosition: (uint16) 0
 },
 NodeSignature: (*btcec.Signature)(0xc420047df0)({
  R: (*big.Int)(0xc42000ce80)(70393494525826710632164017748487928093497062000824922693450197211792064210226),
  S: (*big.Int)(0xc42000cfa0)(27507732699618271046372875136665734332125195287366352017292548792042506544861)
 }),
 BitcoinSignature: (*btcec.Signature)(0xc420047e10)({
  R: (*big.Int)(0xc420126020)(37061382160937860652251624182022292438801993656630532778344928387223516078644),
  S: (*big.Int)(0xc420126040)(14135613945846323752363614048384863665695220920056304684321863380990565411519)
 })
})

2017-09-13 20:18:59.035 [INF] DISC: Fully valid channel proof for short_chan_id=444202697687040 constructed, adding to next ann batch
2017-09-13 20:18:59.035 [INF] CRTR: Updated vertex data for node=03caa8eefcf64a54188f01762f9869fe9d851e52a470e706a22030d4a36e31e3ba
2017-09-13 20:18:59.036 [INF] NTFN: New spend subscription: utxo=7baf1f7110b30b61804dc8408c332fc407d35ccd98b9e5b96703ed4d0950f487:0
2017-09-13 20:18:59.037 [INF] RPCS: [listchannels] fetched 1 channels from DB
2017-09-13 20:18:59.037 [INF] LNWL: Close observer for ChannelPoint(7baf1f7110b30b61804dc8408c332fc407d35ccd98b9e5b96703ed4d0950f487:0) active
2017-09-13 20:18:59.037 [INF] PEER: New channel active ChannelPoint(7baf1f7110b30b61804dc8408c332fc407d35ccd98b9e5b96703ed4d0950f487:0) with peerId(1)
2017-09-13 20:18:59.037 [INF] NTFN: New block epoch subscription
2017-09-13 20:18:59.037 [INF] HSWC: ChannelLink(7baf1f7110b30b61804dc8408c332fc407d35ccd98b9e5b96703ed4d0950f487:0) is starting
2017-09-13 20:18:59.037 [INF] HSWC: HTLC manager for ChannelPoint(7baf1f7110b30b61804dc8408c332fc407d35ccd98b9e5b96703ed4d0950f487:0) started, bandwidth=91312000 mSAT
2017-09-13 20:18:59.037 [INF] HSWC: Added channel link with chan_id=87f450094ded0367b9e5b998cd5cd307c42f338c40c84d80610bb310711faf7b, short_chan_id=((lnwire.ShortChannelID) {
 BlockHeight: (uint32) 404,
 TxIndex: (uint32) 1,
 TxPosition: (uint16) 0
}
), bandwidth=91312000 mSAT
2017-09-13 20:18:59.126 [INF] CRTR: Updated vertex data for node=03678ca637909310e8848c4f3c0c79cf53d9b55ade75a453e912ea333f7a8ce5a5
2017-09-13 20:18:59.131 [INF] CRTR: New channel update applied: (*channeldb.ChannelEdgePolicy)(0xc43053aa80)({
 Signature: (*btcec.Signature)(0xc42012a210)({
  R: (*big.Int)(0xc420568200)(93636181018694841928818303580613002653927877011043229948781193923617726872064),
  S: (*big.Int)(0xc420568220)(16987903135503158204268306841981764572023333763163748770883675810822632065498)
 }),
 ChannelID: (uint64) 444202697687040,
 LastUpdate: (time.Time) 2017-09-13 20:18:59 +1000 AEST,
 Flags: (uint16) 0,
 TimeLockDelta: (uint16) 144,
 MinHTLC: (lnwire.MilliSatoshi) 0 mSAT,
 FeeBaseMSat: (lnwire.MilliSatoshi) 1000 mSAT,
 FeeProportionalMillionths: (lnwire.MilliSatoshi) 1 mSAT,
 Node: (*channeldb.LightningNode)(<nil>),
 db: (*channeldb.DB)(<nil>)
})

2017-09-13 20:18:59.166 [INF] DISC: Broadcasting batch of 10 new announcements
2017-09-13 20:18:59.655 [INF] RPCS: [listchannels] fetched 1 channels from DB
2017-09-13 20:18:59.674 [INF] SRVR: Local close channel request delivered to peer: 03678ca637909310e8848c4f3c0c79cf53d9b55ade75a453e912ea333f7a8ce5a5
2017-09-13 20:18:59.675 [INF] PEER: Delivery addr for channel close: sb1qhfms8w624v65p9zr5l79kzqtyvh8kzjqu6lv66
2017-09-13 20:18:59.675 [INF] NTFN: New block: height=405, sha=4088ad22d45ac9039bba7653573086b3e75b382a7c1bcf192b489167fd6423b0
2017-09-13 20:18:59.675 [INF] HSWC: Removing channel link with ChannelID(87f450094ded0367b9e5b998cd5cd307c42f338c40c84d80610bb310711faf7b)
2017-09-13 20:18:59.675 [INF] CRTR: Pruning channel graph using block 4088ad22d45ac9039bba7653573086b3e75b382a7c1bcf192b489167fd6423b0 (height=405)
2017-09-13 20:18:59.675 [INF] HSWC: ChannelLink(7baf1f7110b30b61804dc8408c332fc407d35ccd98b9e5b96703ed4d0950f487:0) is stopping
2017-09-13 20:18:59.675 [INF] HSWC: ChannelLink(7baf1f7110b30b61804dc8408c332fc407d35ccd98b9e5b96703ed4d0950f487:0) has exited
2017-09-13 20:18:59.675 [INF] NTFN: Cancelling epoch notification, epoch_id=3
2017-09-13 20:18:59.675 [INF] CRTR: Block 4088ad22d45ac9039bba7653573086b3e75b382a7c1bcf192b489167fd6423b0 (height=405) closed 1 channels
2017-09-13 20:18:59.678 [INF] NTFN: Cancelling spend notification for out_point=7baf1f7110b30b61804dc8408c332fc407d35ccd98b9e5b96703ed4d0950f487:0, spend_id=1
2017-09-13 20:18:59.678 [INF] PEER: Broadcasting cooperative close tx: (*wire.MsgTx)(0xc420061b80)({
 Version: (int32) 2,
 TxIn: ([]*wire.TxIn) (len=1 cap=15) {
  (*wire.TxIn)(0xc420065080)({
   PreviousOutPoint: (wire.OutPoint) 7baf1f7110b30b61804dc8408c332fc407d35ccd98b9e5b96703ed4d0950f487:0,
   SignatureScript: ([]uint8) <nil>,
   Witness: (wire.TxWitness) (len=4 cap=4) {
    ([]uint8) <nil>,
    ([]uint8) (len=72 cap=144) {
     00000000  30 45 02 21 00 e5 8a 13  45 a9 f4 8d 32 93 05 e7  |0E.!....E...2...|
     00000010  5f 69 a9 77 6a 49 e5 29  82 dc cd 5c 23 38 2b 7e  |_i.wjI.)...\#8+~|
     00000020  99 93 b6 4d 31 02 20 5c  87 b0 55 e7 5b 6f 42 84  |...M1. \..U.[oB.|
     00000030  2d 93 ed 1c 9b 9e 64 96  b5 d0 50 4e 80 72 95 3c  |-.....d...PN.r.<|
     00000040  a8 42 df 33 a9 cf a1 01                           |.B.3....|
    },
    ([]uint8) (len=71 cap=144) {
     00000000  30 44 02 20 30 80 57 8e  9e d5 7e 88 4e d7 54 12  |0D. 0.W...~.N.T.|
     00000010  f6 e7 6c e4 d9 07 89 ea  b5 ec 63 73 bb 90 af c9  |..l.......cs....|
     00000020  97 5d ee a5 02 20 25 fe  ad ea 6e 93 f8 5a fd 66  |.]... %...n..Z.f|
     00000030  52 f5 bb 5a fd d5 64 cb  fd de 2c a0 5e 5a 80 4d  |R..Z..d...,.^Z.M|
     00000040  50 6d be 2a 61 26 01                              |Pm.*a&.|
    },
    ([]uint8) (len=71 cap=500) {
     00000000  52 21 02 1d 3e f6 54 72  01 41 e7 8b 7c 70 19 01  |R!..>.Tr.A..|p..|
     00000010  54 40 1f 84 96 50 85 db  59 18 3b 33 9e af 4a 61  |T@...P..Y.;3..Ja|
     00000020  65 6e 38 21 02 5b ad 68  c3 85 ca cb 8e 78 75 d5  |en8!.[.h.....xu.|
     00000030  fd 42 f0 dc 17 e1 73 08  c6 3a 1b 29 64 55 42 6c  |.B....s..:.)dUBl|
     00000040  f3 ec 22 1b c9 52 ae                              |.."..R.|
    }
   },
   Sequence: (uint32) 2162315996
  })
 },
 TxOut: ([]*wire.TxOut) (len=2 cap=15) {
  (*wire.TxOut)(0xc420313240)({
   Value: (int64) 5005,
   PkScript: ([]uint8) (len=22 cap=34) {
    00000000  00 14 ca b6 47 07 b6 84  1c 5a 50 f0 ff f4 c9 0f  |....G....ZP.....|
    00000010  28 1a 2f 87 fe 9e                                 |(./...|
   }
  }),
  (*wire.TxOut)(0xc420313220)({
   Value: (int64) 77618,
   PkScript: ([]uint8) (len=22 cap=500) {
    00000000  00 14 ba 77 03 bb 4a ab  35 40 94 43 a7 fc 5b 08  |...w..J.5@.C..[.|
    00000010  0b 23 2e 7b 0a 40                                 |.#.{.@|
   }
  })
 },
 LockTime: (uint32) 0
})

2017-09-13 20:18:59.680 [INF] HSWC: Removing channel link with ChannelID(87f450094ded0367b9e5b998cd5cd307c42f338c40c84d80610bb310711faf7b)
2017-09-13 20:18:59.680 [WRN] PEER: unable remove channel link with ChannelPoint(87f450094ded0367b9e5b998cd5cd307c42f338c40c84d80610bb310711faf7b): channel link not found
2017-09-13 20:18:59.680 [ERR] BRAR: Unable to find contract: 7baf1f7110b30b61804dc8408c332fc407d35ccd98b9e5b96703ed4d0950f487:0
2017-09-13 20:18:59.682 [INF] PEER: Waiting for confirmation of cooperative close of ChannelPoint(7baf1f7110b30b61804dc8408c332fc407d35ccd98b9e5b96703ed4d0950f487:0) with txid: 8d30cdd7f9e9621eec98acf46d7041e7b56ff41d66ed295353cd7d39cf68bade
2017-09-13 20:18:59.682 [INF] NTFN: New confirmations subscription: txid=8d30cdd7f9e9621eec98acf46d7041e7b56ff41d66ed295353cd7d39cf68bade, numconfs=1
2017-09-13 20:18:59.682 [INF] NTFN: Attempting to trigger dispatch for 8d30cdd7f9e9621eec98acf46d7041e7b56ff41d66ed295353cd7d39cf68bade from historical chain
2017-09-13 20:18:59.682 [INF] LNWL: Inserting unconfirmed transaction 8d30cdd7f9e9621eec98acf46d7041e7b56ff41d66ed295353cd7d39cf68bade
2017-09-13 20:18:59.682 [WRN] NTFN: unable to query for txid(8d30cdd7f9e9621eec98acf46d7041e7b56ff41d66ed295353cd7d39cf68bade): <nil>
2017-09-13 20:18:59.687 [INF] LNWL: Marking unconfirmed transaction 8d30cdd7f9e9621eec98acf46d7041e7b56ff41d66ed295353cd7d39cf68bade mined in block 406
2017-09-13 20:18:59.688 [INF] CRTR: Pruning channel graph using block 0dc0c9beb0e5417b7371561a1d55c80f007a3052cbd450fa02feed63795af2a5 (height=406)
2017-09-13 20:18:59.689 [INF] CRTR: Block 0dc0c9beb0e5417b7371561a1d55c80f007a3052cbd450fa02feed63795af2a5 (height=406) closed 1 channels
2017-09-13 20:18:59.690 [INF] NTFN: New block: height=406, sha=0dc0c9beb0e5417b7371561a1d55c80f007a3052cbd450fa02feed63795af2a5
2017-09-13 20:18:59.690 [INF] NTFN: Dispatching single conf notification, sha=8d30cdd7f9e9621eec98acf46d7041e7b56ff41d66ed295353cd7d39cf68bade, height=406
2017-09-13 20:18:59.690 [INF] PEER: ChannelPoint(7baf1f7110b30b61804dc8408c332fc407d35ccd98b9e5b96703ed4d0950f487:0) is now closed at height 406
2017-09-13 20:18:59.690 [INF] RPCS: [closechannel] close completed: txid(8d30cdd7f9e9621eec98acf46d7041e7b56ff41d66ed295353cd7d39cf68bade)
2017-09-13 20:18:59.691 [INF] LTND: Received shutdown request.
2017-09-13 20:18:59.691 [INF] LTND: Shutting down...
2017-09-13 20:18:59.691 [INF] LTND: Gracefully shutting down the server...
2017-09-13 20:18:59.691 [INF] FNDG: Funding manager shutting down
2017-09-13 20:18:59.691 [INF] CRTR: Channel Router shutting down
2017-09-13 20:18:59.691 [INF] CRTR: FilteredChainView stopping
2017-09-13 20:18:59.691 [INF] HSWC: HLTC Switch shutting down
2017-09-13 20:18:59.691 [INF] UTXN: UTXO nursery shutting down
2017-09-13 20:18:59.691 [INF] BRAR: Breach arbiter shutting down
2017-09-13 20:18:59.691 [INF] DISC: Authenticated Gossiper is stopping
2017-09-13 20:18:59.691 [INF] SRVR: Disconnecting from 127.0.0.1:19555
2017-09-13 20:18:59.691 [INF] PEER: unable to read message from 127.0.0.1:19555: read tcp 127.0.0.1:40108->127.0.0.1:19555: use of closed network connection
2017-09-13 20:18:59.691 [INF] LTND: Shutdown complete
