2017-09-13 20:18:34.159 [WRN] LTND: read /tmp/lndtest-data339475995: is a directory
2017-09-13 20:18:34.159 [INF] LTND: Version 0.3.0-alpha
2017-09-13 20:18:34.159 [INF] CHDB: Checking for schema update: latest_version=0, db_version=0
2017-09-13 20:18:34.160 [INF] LTND: Primary chain is set to: bitcoin
2017-09-13 20:18:38.060 [INF] LNWL: Opened wallet
2017-09-13 20:18:39.454 [INF] LNWL: The wallet has been unlocked without a time limit
2017-09-13 20:18:39.455 [INF] LNWL: Catching up block hashes to height 387, this will take a while...
2017-09-13 20:18:39.455 [INF] LTND: LightningWallet opened
2017-09-13 20:18:39.456 [INF] RPCS: Generating TLS certificates...
2017-09-13 20:18:39.526 [INF] LNWL: Done catching up block hashes
2017-09-13 20:18:39.526 [INF] LNWL: Started rescan from block 012aa4f796ce3c1655cc0f7bc609b8111088d1b2c43f8f5a018bcf19858fc551 (height 387) for 0 addresses
2017-09-13 20:18:39.537 [INF] LNWL: Finished rescan for 0 addresses (synced to block 012aa4f796ce3c1655cc0f7bc609b8111088d1b2c43f8f5a018bcf19858fc551, height 387)
2017-09-13 20:18:39.537 [INF] LNWL: Catching up block hashes to height 387, this might take a while
2017-09-13 20:18:39.537 [INF] LNWL: Done catching up block hashes
2017-09-13 20:18:50.923 [INF] RPCS: Done generating TLS certificates
2017-09-13 20:18:50.924 [INF] RPCS: RPC server listening on 127.0.0.1:19564
2017-09-13 20:18:50.925 [ERR] LTND: gRPC proxy unable to listen on localhost:8080
2017-09-13 20:18:50.987 [INF] HSWC: Starting HTLC Switch
2017-09-13 20:18:50.987 [INF] NTFN: New block epoch subscription
2017-09-13 20:18:50.988 [INF] DISC: Authenticated Gossiper is starting
2017-09-13 20:18:50.988 [INF] NTFN: New block epoch subscription
2017-09-13 20:18:50.988 [INF] CRTR: FilteredChainView starting
2017-09-13 20:18:51.044 [INF] CRTR: Prune tip for Channel Graph: height=0, hash=<nil>
2017-09-13 20:18:51.044 [INF] CRTR: Filtering chain using 0 channels active
2017-09-13 20:18:51.044 [INF] SRVR: Auto peer bootstrapping is disabled
2017-09-13 20:18:51.045 [INF] CMGR: Server listening on [::]:19563
2017-09-13 20:18:51.047 [INF] SRVR: New inbound connection from 127.0.0.1:45786
2017-09-13 20:18:51.047 [INF] DISC: Syncing channel graph state with 03678ca637909310e8848c4f3c0c79cf53d9b55ade75a453e912ea333f7a8ce5a5, sending 1 vertexes and 0 edges
2017-09-13 20:18:51.047 [INF] SRVR: Attempting to send msgs 1 to: 03678ca637909310e8848c4f3c0c79cf53d9b55ade75a453e912ea333f7a8ce5a5
2017-09-13 20:18:51.055 [INF] RPCS: [newaddress] addr=sb1qaaa0nt5d9z6qhuewq60hcj5tg2sp8jcflzpnvy
2017-09-13 20:18:51.057 [INF] LNWL: Inserting unconfirmed transaction b2d07614de62167d066f635014e156a664021681dd6258d9720c60c88398f2d2
2017-09-13 20:18:51.059 [INF] LNWL: Marking unconfirmed transaction b2d07614de62167d066f635014e156a664021681dd6258d9720c60c88398f2d2 mined in block 388
2017-09-13 20:18:51.068 [INF] NTFN: New block: height=388, sha=221c5dbf8b2eab40485af51d1a2ae4863bcd670a636ad55cc2de3d8e4452a46f
2017-09-13 20:18:51.068 [INF] CRTR: Pruning channel graph using block 221c5dbf8b2eab40485af51d1a2ae4863bcd670a636ad55cc2de3d8e4452a46f (height=388)
2017-09-13 20:18:51.069 [INF] CRTR: Block 221c5dbf8b2eab40485af51d1a2ae4863bcd670a636ad55cc2de3d8e4452a46f (height=388) closed 0 channels
2017-09-13 20:18:51.071 [INF] CRTR: Pruning channel graph using block 58b5749df2da63042754a5a94be9f0714e3ff42f7b4d1edac5abb5bc1dc26296 (height=389)
2017-09-13 20:18:51.071 [INF] CRTR: Block 58b5749df2da63042754a5a94be9f0714e3ff42f7b4d1edac5abb5bc1dc26296 (height=389) closed 0 channels
2017-09-13 20:18:51.071 [INF] CRTR: Pruning channel graph using block 16efc46a9c978b894e765e8312356663569162a4cf56d76c7d4975480ecee708 (height=390)
2017-09-13 20:18:51.071 [INF] CRTR: Block 16efc46a9c978b894e765e8312356663569162a4cf56d76c7d4975480ecee708 (height=390) closed 0 channels
2017-09-13 20:18:51.071 [INF] CRTR: Pruning channel graph using block 37d9640e2d46f91ced149ba921c80b75712be208c51056d04f1d51520b1c023c (height=391)
2017-09-13 20:18:51.071 [INF] CRTR: Block 37d9640e2d46f91ced149ba921c80b75712be208c51056d04f1d51520b1c023c (height=391) closed 0 channels
2017-09-13 20:18:51.072 [INF] CRTR: Pruning channel graph using block 7821ec9090b33d11b7815caa707ec7dfeafd01bbc1dc5bc7ae74e85cba1a3570 (height=392)
2017-09-13 20:18:51.072 [INF] CRTR: Block 7821ec9090b33d11b7815caa707ec7dfeafd01bbc1dc5bc7ae74e85cba1a3570 (height=392) closed 0 channels
2017-09-13 20:18:51.072 [INF] CRTR: Pruning channel graph using block 765260578bdc506fe0873030f45d2e650686d3b10668e672d4428f23a0bbf4e9 (height=393)
2017-09-13 20:18:51.073 [INF] CRTR: Block 765260578bdc506fe0873030f45d2e650686d3b10668e672d4428f23a0bbf4e9 (height=393) closed 0 channels
2017-09-13 20:18:51.073 [INF] NTFN: New block: height=389, sha=58b5749df2da63042754a5a94be9f0714e3ff42f7b4d1edac5abb5bc1dc26296
2017-09-13 20:18:51.073 [INF] NTFN: New block: height=390, sha=16efc46a9c978b894e765e8312356663569162a4cf56d76c7d4975480ecee708
2017-09-13 20:18:51.073 [INF] NTFN: New block: height=391, sha=37d9640e2d46f91ced149ba921c80b75712be208c51056d04f1d51520b1c023c
2017-09-13 20:18:51.074 [INF] NTFN: New block: height=392, sha=7821ec9090b33d11b7815caa707ec7dfeafd01bbc1dc5bc7ae74e85cba1a3570
2017-09-13 20:18:51.074 [INF] NTFN: New block: height=393, sha=765260578bdc506fe0873030f45d2e650686d3b10668e672d4428f23a0bbf4e9
2017-09-13 20:18:51.121 [INF] FNDG: Recv'd fundingRequest(amt=0.16777216 BTC, push=0 mSAT, delay=4, pendingId=e7439699110e37f7b71b93c65acc79b496005ad998b1e3c6ab63fd97934463d9) from peer(03678ca637909310e8848c4f3c0c79cf53d9b55ade75a453e912ea333f7a8ce5a5)
2017-09-13 20:18:51.123 [INF] FNDG: Requiring 1 confirmations for pendingChan(e7439699110e37f7b71b93c65acc79b496005ad998b1e3c6ab63fd97934463d9): amt=0.16777216 BTC, push_amt=0 mSAT
2017-09-13 20:18:51.123 [INF] FNDG: Sending fundingResp for pendingID(e7439699110e37f7b71b93c65acc79b496005ad998b1e3c6ab63fd97934463d9)
2017-09-13 20:18:51.123 [INF] SRVR: Attempting to send msgs 1 to: 03678ca637909310e8848c4f3c0c79cf53d9b55ade75a453e912ea333f7a8ce5a5
2017-09-13 20:18:51.127 [INF] FNDG: completing pendingID(e7439699110e37f7b71b93c65acc79b496005ad998b1e3c6ab63fd97934463d9) with ChannelPoint(d0e15abdd49ab0675d52d3eaa8236835bba75bf77264ab6023a27391546898ff:0)
2017-09-13 20:18:51.130 [INF] FNDG: sending signComplete for pendingID(e7439699110e37f7b71b93c65acc79b496005ad998b1e3c6ab63fd97934463d9) over ChannelPoint(d0e15abdd49ab0675d52d3eaa8236835bba75bf77264ab6023a27391546898ff:0)
2017-09-13 20:18:51.130 [INF] SRVR: Attempting to send msgs 1 to: 03678ca637909310e8848c4f3c0c79cf53d9b55ade75a453e912ea333f7a8ce5a5
2017-09-13 20:18:51.130 [INF] NTFN: New block epoch subscription
2017-09-13 20:18:51.130 [INF] NTFN: New confirmations subscription: txid=d0e15abdd49ab0675d52d3eaa8236835bba75bf77264ab6023a27391546898ff, numconfs=1
2017-09-13 20:18:51.130 [INF] NTFN: Attempting to trigger dispatch for d0e15abdd49ab0675d52d3eaa8236835bba75bf77264ab6023a27391546898ff from historical chain
2017-09-13 20:18:51.130 [INF] FNDG: Waiting for funding tx (d0e15abdd49ab0675d52d3eaa8236835bba75bf77264ab6023a27391546898ff) to reach 1 confirmations
2017-09-13 20:18:51.142 [INF] FNDG: Recv'd fundingRequest(amt=0.16777216 BTC, push=0 mSAT, delay=4, pendingId=60d4518dd414e7a5d07b499b31517828cb2c55cbf791e73a25177c7250c17c42) from peer(03678ca637909310e8848c4f3c0c79cf53d9b55ade75a453e912ea333f7a8ce5a5)
2017-09-13 20:18:51.145 [INF] FNDG: Requiring 1 confirmations for pendingChan(60d4518dd414e7a5d07b499b31517828cb2c55cbf791e73a25177c7250c17c42): amt=0.16777216 BTC, push_amt=0 mSAT
2017-09-13 20:18:51.145 [INF] FNDG: Sending fundingResp for pendingID(60d4518dd414e7a5d07b499b31517828cb2c55cbf791e73a25177c7250c17c42)
2017-09-13 20:18:51.145 [INF] SRVR: Attempting to send msgs 1 to: 03678ca637909310e8848c4f3c0c79cf53d9b55ade75a453e912ea333f7a8ce5a5
2017-09-13 20:18:51.149 [INF] FNDG: completing pendingID(60d4518dd414e7a5d07b499b31517828cb2c55cbf791e73a25177c7250c17c42) with ChannelPoint(718c58bc5e421c7b46fa5f2f76e13778aeab6284e7ed858541858c107a01153b:0)
2017-09-13 20:18:51.152 [INF] FNDG: sending signComplete for pendingID(60d4518dd414e7a5d07b499b31517828cb2c55cbf791e73a25177c7250c17c42) over ChannelPoint(718c58bc5e421c7b46fa5f2f76e13778aeab6284e7ed858541858c107a01153b:0)
2017-09-13 20:18:51.152 [INF] SRVR: Attempting to send msgs 1 to: 03678ca637909310e8848c4f3c0c79cf53d9b55ade75a453e912ea333f7a8ce5a5
2017-09-13 20:18:51.152 [INF] NTFN: New block epoch subscription
2017-09-13 20:18:51.152 [INF] NTFN: New confirmations subscription: txid=718c58bc5e421c7b46fa5f2f76e13778aeab6284e7ed858541858c107a01153b, numconfs=1
2017-09-13 20:18:51.152 [INF] NTFN: Attempting to trigger dispatch for 718c58bc5e421c7b46fa5f2f76e13778aeab6284e7ed858541858c107a01153b from historical chain
2017-09-13 20:18:51.152 [INF] FNDG: Waiting for funding tx (718c58bc5e421c7b46fa5f2f76e13778aeab6284e7ed858541858c107a01153b) to reach 1 confirmations
2017-09-13 20:18:51.169 [ERR] FNDG: Failing funding flow: (*lnwire.Error)(0xc420060e40)({
 ChanID: (lnwire.ChannelID) (len=32 cap=32) fc950377b19cbb4a99acea323f39c9face798cff9ca81f363bce938fff11b317,
 Data: (lnwire.ErrorData) (len=1 cap=1) {
  00000000  01                                                |.|
 }
})

2017-09-13 20:18:51.169 [INF] SRVR: Attempting to send msgs 1 to: 03678ca637909310e8848c4f3c0c79cf53d9b55ade75a453e912ea333f7a8ce5a5
2017-09-13 20:18:51.169 [INF] FNDG: Cancelling funding reservation for node_key=03678ca637909310e8848c4f3c0c79cf53d9b55ade75a453e912ea333f7a8ce5a5, chan_id=fc950377b19cbb4a99acea323f39c9face798cff9ca81f363bce938fff11b317
2017-09-13 20:18:51.181 [INF] CRTR: Pruning channel graph using block 7e97a191a8a2805f1b7e3831b9028d90991fb988c5003f17ce82c7c150a29b33 (height=394)
2017-09-13 20:18:51.181 [INF] NTFN: New block: height=394, sha=7e97a191a8a2805f1b7e3831b9028d90991fb988c5003f17ce82c7c150a29b33
2017-09-13 20:18:51.181 [INF] NTFN: Dispatching single conf notification, sha=d0e15abdd49ab0675d52d3eaa8236835bba75bf77264ab6023a27391546898ff, height=394
2017-09-13 20:18:51.181 [INF] NTFN: Dispatching single conf notification, sha=718c58bc5e421c7b46fa5f2f76e13778aeab6284e7ed858541858c107a01153b, height=394
2017-09-13 20:18:51.181 [INF] FNDG: ChannelPoint(718c58bc5e421c7b46fa5f2f76e13778aeab6284e7ed858541858c107a01153b:0) is now active: ChannelID(3b15017a108c85418585ede78462abae7837e1762f5ffa467b1c425ebc588c71)
2017-09-13 20:18:51.181 [INF] FNDG: ChannelPoint(d0e15abdd49ab0675d52d3eaa8236835bba75bf77264ab6023a27391546898ff:0) is now active: ChannelID(ff9868549173a22360ab6472f75ba7bb356823a8ead3525d67b09ad4bd5ae1d0)
2017-09-13 20:18:51.182 [INF] CRTR: Block 7e97a191a8a2805f1b7e3831b9028d90991fb988c5003f17ce82c7c150a29b33 (height=394) closed 0 channels
2017-09-13 20:18:51.183 [INF] SRVR: Attempting to send msgs 1 to: 03678ca637909310e8848c4f3c0c79cf53d9b55ade75a453e912ea333f7a8ce5a5
2017-09-13 20:18:51.183 [INF] FNDG: Announcing ChannelPoint(d0e15abdd49ab0675d52d3eaa8236835bba75bf77264ab6023a27391546898ff:0), short_chan_id=(*lnwire.ShortChannelID)(0xc420162280)({
 BlockHeight: (uint32) 394,
 TxIndex: (uint32) 1,
 TxPosition: (uint16) 0
})

2017-09-13 20:18:51.183 [INF] SRVR: Attempting to send msgs 1 to: 03678ca637909310e8848c4f3c0c79cf53d9b55ade75a453e912ea333f7a8ce5a5
2017-09-13 20:18:51.184 [INF] FNDG: Announcing ChannelPoint(718c58bc5e421c7b46fa5f2f76e13778aeab6284e7ed858541858c107a01153b:0), short_chan_id=(*lnwire.ShortChannelID)(0xc420162260)({
 BlockHeight: (uint32) 394,
 TxIndex: (uint32) 2,
 TxPosition: (uint16) 0
})

2017-09-13 20:18:51.188 [INF] CRTR: New channel discovered! Link connects 035e71388ef55e019dba47277be3d9053e2535a2c1697787fa54e907ca17dd3bb1 and 03678ca637909310e8848c4f3c0c79cf53d9b55ade75a453e912ea333f7a8ce5a5 with ChannelPoint(718c58bc5e421c7b46fa5f2f76e13778aeab6284e7ed858541858c107a01153b:0): chan_id=433207581474816, capacity=0.16777216 BTC
2017-09-13 20:18:51.189 [INF] CRTR: New channel discovered! Link connects 035e71388ef55e019dba47277be3d9053e2535a2c1697787fa54e907ca17dd3bb1 and 03678ca637909310e8848c4f3c0c79cf53d9b55ade75a453e912ea333f7a8ce5a5 with ChannelPoint(d0e15abdd49ab0675d52d3eaa8236835bba75bf77264ab6023a27391546898ff:0): chan_id=433207581409280, capacity=0.16777216 BTC
2017-09-13 20:18:51.190 [INF] CRTR: New channel update applied: (*channeldb.ChannelEdgePolicy)(0xc4200651a0)({
 Signature: (*btcec.Signature)(0xc4202e40c0)({
  R: (*big.Int)(0xc4204f2e60)(76267890364422800406104584164446112099768641900180438349710211120544850840594),
  S: (*big.Int)(0xc4204f2ec0)(11209333234909508290368847855721093489955920012193317995776330878641412169812)
 }),
 ChannelID: (uint64) 433207581474816,
 LastUpdate: (time.Time) 2017-09-13 20:18:51 +1000 AEST,
 Flags: (uint16) 0,
 TimeLockDelta: (uint16) 144,
 MinHTLC: (lnwire.MilliSatoshi) 0 mSAT,
 FeeBaseMSat: (lnwire.MilliSatoshi) 1000 mSAT,
 FeeProportionalMillionths: (lnwire.MilliSatoshi) 1 mSAT,
 Node: (*channeldb.LightningNode)(<nil>),
 db: (*channeldb.DB)(<nil>)
})

2017-09-13 20:18:51.191 [INF] CRTR: New channel update applied: (*channeldb.ChannelEdgePolicy)(0xc42023e9c0)({
 Signature: (*btcec.Signature)(0xc42015c360)({
  R: (*big.Int)(0xc4202befe0)(55808281272894729216059130410277973038063800076573900684029147724263485260980),
  S: (*big.Int)(0xc4202bf040)(35387297394350878104012666445271438846256589556617184549916979369356686730917)
 }),
 ChannelID: (uint64) 433207581409280,
 LastUpdate: (time.Time) 2017-09-13 20:18:51 +1000 AEST,
 Flags: (uint16) 0,
 TimeLockDelta: (uint16) 144,
 MinHTLC: (lnwire.MilliSatoshi) 0 mSAT,
 FeeBaseMSat: (lnwire.MilliSatoshi) 1000 mSAT,
 FeeProportionalMillionths: (lnwire.MilliSatoshi) 1 mSAT,
 Node: (*channeldb.LightningNode)(<nil>),
 db: (*channeldb.DB)(<nil>)
})

2017-09-13 20:18:51.191 [INF] DISC: Received new channel announcement: (*lnwire.AnnounceSignatures)(0xc4201ce380)({
 ChannelID: (lnwire.ChannelID) (len=32 cap=32) 3b15017a108c85418585ede78462abae7837e1762f5ffa467b1c425ebc588c71,
 ShortChannelID: (lnwire.ShortChannelID) {
  BlockHeight: (uint32) 394,
  TxIndex: (uint32) 2,
  TxPosition: (uint16) 0
 },
 NodeSignature: (*btcec.Signature)(0xc4202e40d0)({
  R: (*big.Int)(0xc4204f2f40)(111580107355199107417913925656577855758929290037885711230584351873092724699184),
  S: (*big.Int)(0xc4204f2fa0)(39385032536888552507933791737979309819419648789211688100786052914134876578961)
 }),
 BitcoinSignature: (*btcec.Signature)(0xc4202e40e0)({
  R: (*big.Int)(0xc4204f3080)(22036335211712205935931350286555360815359916238413855104030986134107645920860),
  S: (*big.Int)(0xc4204f30e0)(7764011941696898723352988428026941530159491286647352795789604081179135441987)
 })
})

2017-09-13 20:18:51.202 [INF] SRVR: Attempting to send msgs 1 to: 03678ca637909310e8848c4f3c0c79cf53d9b55ade75a453e912ea333f7a8ce5a5
2017-09-13 20:18:51.202 [INF] DISC: Sent channel announcement proof for short_chan_id=433207581474816 to remote peer: 03678ca637909310e8848c4f3c0c79cf53d9b55ade75a453e912ea333f7a8ce5a5
2017-09-13 20:18:51.202 [INF] DISC: 1/2 of channel ann proof received for short_chan_id=433207581474816, waiting for other half
2017-09-13 20:18:51.202 [INF] DISC: Received new channel announcement: (*lnwire.AnnounceSignatures)(0xc4204964c0)({
 ChannelID: (lnwire.ChannelID) (len=32 cap=32) ff9868549173a22360ab6472f75ba7bb356823a8ead3525d67b09ad4bd5ae1d0,
 ShortChannelID: (lnwire.ShortChannelID) {
  BlockHeight: (uint32) 394,
  TxIndex: (uint32) 1,
  TxPosition: (uint16) 0
 },
 NodeSignature: (*btcec.Signature)(0xc42015c390)({
  R: (*big.Int)(0xc4202bf0c0)(84308551095386777489808511980292541022330424374722947152265910653669301788775),
  S: (*big.Int)(0xc4202bf120)(51600060877274767384227119174529324283639146529032758736629757792263209390022)
 }),
 BitcoinSignature: (*btcec.Signature)(0xc42015c3a0)({
  R: (*big.Int)(0xc4202bf220)(46863286236455786531086366022639959029364879358536960328846962445418815280367),
  S: (*big.Int)(0xc4202bf280)(49993307234661841640649712164296354214382016608446198374647913597283329781457)
 })
})

2017-09-13 20:18:51.213 [INF] SRVR: Attempting to send msgs 1 to: 03678ca637909310e8848c4f3c0c79cf53d9b55ade75a453e912ea333f7a8ce5a5
2017-09-13 20:18:51.213 [INF] DISC: Sent channel announcement proof for short_chan_id=433207581409280 to remote peer: 03678ca637909310e8848c4f3c0c79cf53d9b55ade75a453e912ea333f7a8ce5a5
2017-09-13 20:18:51.213 [INF] DISC: 1/2 of channel ann proof received for short_chan_id=433207581409280, waiting for other half
2017-09-13 20:18:51.213 [INF] DISC: Received new channel announcement: (*lnwire.AnnounceSignatures)(0xc420496500)({
 ChannelID: (lnwire.ChannelID) (len=32 cap=32) ff9868549173a22360ab6472f75ba7bb356823a8ead3525d67b09ad4bd5ae1d0,
 ShortChannelID: (lnwire.ShortChannelID) {
  BlockHeight: (uint32) 394,
  TxIndex: (uint32) 1,
  TxPosition: (uint16) 0
 },
 NodeSignature: (*btcec.Signature)(0xc42015c3d0)({
  R: (*big.Int)(0xc4202bf2c0)(10817406336639261844751287893252489479895457235121912551733479878066126400525),
  S: (*big.Int)(0xc4202bf2e0)(35719654947544142365732236477652347422210997192789394468685340946823430166380)
 }),
 BitcoinSignature: (*btcec.Signature)(0xc42015c3f0)({
  R: (*big.Int)(0xc4202bf300)(5289792774478355448931012087532814479348040212819564261731843806279853354331),
  S: (*big.Int)(0xc4202bf320)(54362326578838173200610907664350890684313049092585898490120064664625494965659)
 })
})

2017-09-13 20:18:51.226 [INF] DISC: Fully valid channel proof for short_chan_id=433207581409280 constructed, adding to next ann batch
2017-09-13 20:18:51.226 [INF] CRTR: Updated vertex data for node=035e71388ef55e019dba47277be3d9053e2535a2c1697787fa54e907ca17dd3bb1
2017-09-13 20:18:51.226 [INF] DISC: Received new channel announcement: (*lnwire.AnnounceSignatures)(0xc420496a00)({
 ChannelID: (lnwire.ChannelID) (len=32 cap=32) 3b15017a108c85418585ede78462abae7837e1762f5ffa467b1c425ebc588c71,
 ShortChannelID: (lnwire.ShortChannelID) {
  BlockHeight: (uint32) 394,
  TxIndex: (uint32) 2,
  TxPosition: (uint16) 0
 },
 NodeSignature: (*btcec.Signature)(0xc42015c550)({
  R: (*big.Int)(0xc4202bfae0)(55599005098093595409437183214750924550908736313126126035854501255225644191936),
  S: (*big.Int)(0xc4202bfb00)(20294616681243091488038951468953756539796932458964197838607907071849519520985)
 }),
 BitcoinSignature: (*btcec.Signature)(0xc42015c560)({
  R: (*big.Int)(0xc4202bfc00)(84705885089762339551477933010162018566508046554938112814792591956588165485035),
  S: (*big.Int)(0xc4202bfc20)(23803202494224774574527986643278246532136520749039514541150553427977621901807)
 })
})

2017-09-13 20:18:51.226 [INF] NTFN: Cancelling epoch notification, epoch_id=4
2017-09-13 20:18:51.228 [INF] NTFN: New spend subscription: utxo=718c58bc5e421c7b46fa5f2f76e13778aeab6284e7ed858541858c107a01153b:0
2017-09-13 20:18:51.229 [INF] PEER: New channel active ChannelPoint(718c58bc5e421c7b46fa5f2f76e13778aeab6284e7ed858541858c107a01153b:0) with peerId(1)
2017-09-13 20:18:51.229 [INF] LNWL: Close observer for ChannelPoint(718c58bc5e421c7b46fa5f2f76e13778aeab6284e7ed858541858c107a01153b:0) active
2017-09-13 20:18:51.230 [INF] NTFN: New block epoch subscription
2017-09-13 20:18:51.231 [INF] HSWC: ChannelLink(718c58bc5e421c7b46fa5f2f76e13778aeab6284e7ed858541858c107a01153b:0) is starting
2017-09-13 20:18:51.232 [INF] HSWC: HTLC manager for ChannelPoint(718c58bc5e421c7b46fa5f2f76e13778aeab6284e7ed858541858c107a01153b:0) started, bandwidth=0 mSAT
2017-09-13 20:18:51.232 [INF] HSWC: Added channel link with chan_id=3b15017a108c85418585ede78462abae7837e1762f5ffa467b1c425ebc588c71, short_chan_id=((lnwire.ShortChannelID) {
 BlockHeight: (uint32) 394,
 TxIndex: (uint32) 2,
 TxPosition: (uint16) 0
}
), bandwidth=0 mSAT
2017-09-13 20:18:51.241 [INF] DISC: Fully valid channel proof for short_chan_id=433207581474816 constructed, adding to next ann batch
2017-09-13 20:18:51.242 [INF] CRTR: Updated vertex data for node=035e71388ef55e019dba47277be3d9053e2535a2c1697787fa54e907ca17dd3bb1
2017-09-13 20:18:51.242 [INF] NTFN: Cancelling epoch notification, epoch_id=3
2017-09-13 20:18:51.244 [INF] NTFN: New spend subscription: utxo=d0e15abdd49ab0675d52d3eaa8236835bba75bf77264ab6023a27391546898ff:0
2017-09-13 20:18:51.244 [INF] LNWL: Close observer for ChannelPoint(d0e15abdd49ab0675d52d3eaa8236835bba75bf77264ab6023a27391546898ff:0) active
2017-09-13 20:18:51.244 [INF] PEER: New channel active ChannelPoint(d0e15abdd49ab0675d52d3eaa8236835bba75bf77264ab6023a27391546898ff:0) with peerId(1)
2017-09-13 20:18:51.244 [INF] NTFN: New block epoch subscription
2017-09-13 20:18:51.244 [INF] HSWC: ChannelLink(d0e15abdd49ab0675d52d3eaa8236835bba75bf77264ab6023a27391546898ff:0) is starting
2017-09-13 20:18:51.245 [INF] HSWC: HTLC manager for ChannelPoint(d0e15abdd49ab0675d52d3eaa8236835bba75bf77264ab6023a27391546898ff:0) started, bandwidth=0 mSAT
2017-09-13 20:18:51.245 [INF] HSWC: Added channel link with chan_id=ff9868549173a22360ab6472f75ba7bb356823a8ead3525d67b09ad4bd5ae1d0, short_chan_id=((lnwire.ShortChannelID) {
 BlockHeight: (uint32) 394,
 TxIndex: (uint32) 1,
 TxPosition: (uint16) 0
}
), bandwidth=0 mSAT
2017-09-13 20:18:51.288 [INF] DISC: Broadcasting batch of 6 new announcements
2017-09-13 20:18:51.305 [INF] PEER: Delivery addr for channel close: sb1qqgjku33sf2xv9cjer32m38s0fd6sgmgak0tfdh
2017-09-13 20:18:51.305 [INF] HSWC: Removing channel link with ChannelID(ff9868549173a22360ab6472f75ba7bb356823a8ead3525d67b09ad4bd5ae1d0)
2017-09-13 20:18:51.305 [INF] HSWC: ChannelLink(d0e15abdd49ab0675d52d3eaa8236835bba75bf77264ab6023a27391546898ff:0) is stopping
2017-09-13 20:18:51.306 [INF] HSWC: ChannelLink(d0e15abdd49ab0675d52d3eaa8236835bba75bf77264ab6023a27391546898ff:0) has exited
2017-09-13 20:18:51.306 [INF] NTFN: Cancelling epoch notification, epoch_id=6
2017-09-13 20:18:51.309 [INF] PEER: Broadcasting cooperative close tx: (*wire.MsgTx)(0xc420496140)({
 Version: (int32) 2,
 TxIn: ([]*wire.TxIn) (len=1 cap=15) {
  (*wire.TxIn)(0xc4202d3740)({
   PreviousOutPoint: (wire.OutPoint) d0e15abdd49ab0675d52d3eaa8236835bba75bf77264ab6023a27391546898ff:0,
   SignatureScript: ([]uint8) <nil>,
   Witness: (wire.TxWitness) (len=4 cap=4) {
    ([]uint8) <nil>,
    ([]uint8) (len=72 cap=144) {
     00000000  30 45 02 21 00 88 d9 42  f1 b8 25 8d e6 36 e8 2b  |0E.!...B..%..6.+|
     00000010  4f 2d 96 aa fe 67 87 da  26 04 9f df eb b7 50 37  |O-...g..&.....P7|
     00000020  f0 e7 8a b7 2b 02 20 41  c9 0d 14 8d ed 37 1d 10  |....+. A.....7..|
     00000030  79 42 b0 2b 3c 8b 79 81  e4 94 16 25 a2 19 87 3a  |yB.+<.y....%...:|
     00000040  d9 07 cb c6 fe a8 5a 01                           |......Z.|
    },
    ([]uint8) (len=71 cap=144) {
     00000000  30 44 02 20 68 eb f7 3d  99 67 46 bc 44 eb be 27  |0D. h..=.gF.D..'|
     00000010  3e 57 09 02 07 1d 0c b0  c3 c2 4c 0f dc 4e a8 f8  |>W........L..N..|
     00000020  f2 43 97 91 02 20 7b ea  cc aa 27 69 01 f6 b1 e1  |.C... {...'i....|
     00000030  55 fd 4f 10 05 62 4a e5  9f 95 0a 77 8d 82 76 46  |U.O..bJ....w..vF|
     00000040  5c 14 08 2d 2b 8e 01                              |\..-+..|
    },
    ([]uint8) (len=71 cap=500) {
     00000000  52 21 02 75 90 8a 5c a4  97 1b 15 31 2a 01 29 fd  |R!.u..\....1*.).|
     00000010  91 d7 3d 69 fe 12 52 dd  f0 d3 59 c9 93 fa 47 88  |..=i..R...Y...G.|
     00000020  3c fe d2 21 02 cc b5 f4  81 de 60 36 1e 66 2c e9  |<..!......`6.f,.|
     00000030  84 cd 6e 3f 2e 3d c2 81  58 1a e0 24 ef 6c 38 ae  |..n?.=..X..$.l8.|
     00000040  d0 ea 50 8d 59 52 ae                              |..P.YR.|
    }
   },
   Sequence: (uint32) 4294967295
  })
 },
 TxOut: ([]*wire.TxOut) (len=1 cap=15) {
  (*wire.TxOut)(0xc42015aae0)({
   Value: (int64) 16759840,
   PkScript: ([]uint8) (len=22 cap=34) {
    00000000  00 14 83 0d 9d 6e 8c f4  59 71 a9 fd 7e d7 9e b5  |.....n..Yq..~...|
    00000010  9b 1b 5a 72 5d 81                                 |..Zr].|
   }
  })
 },
 LockTime: (uint32) 0
})

2017-09-13 20:18:51.309 [INF] NTFN: Cancelling spend notification for out_point=d0e15abdd49ab0675d52d3eaa8236835bba75bf77264ab6023a27391546898ff:0, spend_id=2
2017-09-13 20:18:51.311 [INF] PEER: channel close tx from ChannelPoint(d0e15abdd49ab0675d52d3eaa8236835bba75bf77264ab6023a27391546898ff:0)  already exist, probably broadcasted by peer: -22: TX rejected: already have transaction 8ce83e8fb9281c14134308ea94599812563eee834860ce8c054e9c43fc644b4d
2017-09-13 20:18:51.311 [INF] HSWC: Removing channel link with ChannelID(ff9868549173a22360ab6472f75ba7bb356823a8ead3525d67b09ad4bd5ae1d0)
2017-09-13 20:18:51.311 [WRN] PEER: unable remove channel link with ChannelPoint(ff9868549173a22360ab6472f75ba7bb356823a8ead3525d67b09ad4bd5ae1d0): channel link not found
2017-09-13 20:18:51.311 [ERR] BRAR: Unable to find contract: d0e15abdd49ab0675d52d3eaa8236835bba75bf77264ab6023a27391546898ff:0
2017-09-13 20:18:51.311 [INF] PEER: Waiting for confirmation of cooperative close of ChannelPoint(d0e15abdd49ab0675d52d3eaa8236835bba75bf77264ab6023a27391546898ff:0) with txid: 8ce83e8fb9281c14134308ea94599812563eee834860ce8c054e9c43fc644b4d
2017-09-13 20:18:51.311 [INF] NTFN: New confirmations subscription: txid=8ce83e8fb9281c14134308ea94599812563eee834860ce8c054e9c43fc644b4d, numconfs=1
2017-09-13 20:18:51.311 [INF] NTFN: Attempting to trigger dispatch for 8ce83e8fb9281c14134308ea94599812563eee834860ce8c054e9c43fc644b4d from historical chain
2017-09-13 20:18:51.312 [WRN] NTFN: unable to query for txid(8ce83e8fb9281c14134308ea94599812563eee834860ce8c054e9c43fc644b4d): <nil>
2017-09-13 20:18:51.318 [INF] NTFN: New block: height=395, sha=541b46daf391be5db27658f44b11be8711e81997d4b67fa8f26746c6e27f79d5
2017-09-13 20:18:51.318 [INF] NTFN: Dispatching single conf notification, sha=8ce83e8fb9281c14134308ea94599812563eee834860ce8c054e9c43fc644b4d, height=395
2017-09-13 20:18:51.318 [INF] PEER: ChannelPoint(d0e15abdd49ab0675d52d3eaa8236835bba75bf77264ab6023a27391546898ff:0) is now closed at height 395
2017-09-13 20:18:51.318 [INF] CRTR: Pruning channel graph using block 541b46daf391be5db27658f44b11be8711e81997d4b67fa8f26746c6e27f79d5 (height=395)
2017-09-13 20:18:51.319 [INF] CRTR: Block 541b46daf391be5db27658f44b11be8711e81997d4b67fa8f26746c6e27f79d5 (height=395) closed 1 channels
2017-09-13 20:18:51.327 [INF] CRTR: Updated vertex data for node=03678ca637909310e8848c4f3c0c79cf53d9b55ade75a453e912ea333f7a8ce5a5
2017-09-13 20:18:51.327 [INF] PEER: Delivery addr for channel close: sb1q0tdqlrlffjwgq7hshusmzs06ck5rmex5549sxt
2017-09-13 20:18:51.327 [INF] HSWC: Removing channel link with ChannelID(3b15017a108c85418585ede78462abae7837e1762f5ffa467b1c425ebc588c71)
2017-09-13 20:18:51.329 [INF] HSWC: ChannelLink(718c58bc5e421c7b46fa5f2f76e13778aeab6284e7ed858541858c107a01153b:0) is stopping
2017-09-13 20:18:51.329 [INF] HSWC: ChannelLink(718c58bc5e421c7b46fa5f2f76e13778aeab6284e7ed858541858c107a01153b:0) has exited
2017-09-13 20:18:51.329 [INF] NTFN: Cancelling epoch notification, epoch_id=5
2017-09-13 20:18:51.332 [INF] CRTR: New channel update applied: (*channeldb.ChannelEdgePolicy)(0xc420202180)({
 Signature: (*btcec.Signature)(0xc4201e66c0)({
  R: (*big.Int)(0xc4205faae0)(22986478522434651593428763237519691350045054928567778844560784305597435086827),
  S: (*big.Int)(0xc4205fab00)(24928054099007346310209349541244995584104159515317342522117262208990041370574)
 }),
 ChannelID: (uint64) 433207581474816,
 LastUpdate: (time.Time) 2017-09-13 20:18:51 +1000 AEST,
 Flags: (uint16) 1,
 TimeLockDelta: (uint16) 144,
 MinHTLC: (lnwire.MilliSatoshi) 0 mSAT,
 FeeBaseMSat: (lnwire.MilliSatoshi) 1000 mSAT,
 FeeProportionalMillionths: (lnwire.MilliSatoshi) 1 mSAT,
 Node: (*channeldb.LightningNode)(<nil>),
 db: (*channeldb.DB)(<nil>)
})

2017-09-13 20:18:51.337 [INF] CRTR: Updated vertex data for node=03678ca637909310e8848c4f3c0c79cf53d9b55ade75a453e912ea333f7a8ce5a5
2017-09-13 20:18:51.341 [INF] NTFN: Dispatching spend notification for outpoint=718c58bc5e421c7b46fa5f2f76e13778aeab6284e7ed858541858c107a01153b:0
2017-09-13 20:18:51.342 [ERR] DISC: Router rejected channel edge: unable to fetch utxo for chan_id=433207581409280, chan_point=d0e15abdd49ab0675d52d3eaa8236835bba75bf77264ab6023a27391546898ff:0: target output has been spent
2017-09-13 20:18:51.342 [ERR] DISC: unable to validate channel update short_chan_id=433207581409280: edge not found
2017-09-13 20:18:51.342 [ERR] DISC: unable to validate channel update short_chan_id=433207581409280: edge not found
2017-09-13 20:18:51.345 [INF] PEER: Broadcasting cooperative close tx: (*wire.MsgTx)(0xc420496140)({
 Version: (int32) 2,
 TxIn: ([]*wire.TxIn) (len=1 cap=15) {
  (*wire.TxIn)(0xc42023f0e0)({
   PreviousOutPoint: (wire.OutPoint) 718c58bc5e421c7b46fa5f2f76e13778aeab6284e7ed858541858c107a01153b:0,
   SignatureScript: ([]uint8) <nil>,
   Witness: (wire.TxWitness) (len=4 cap=4) {
    ([]uint8) <nil>,
    ([]uint8) (len=72 cap=144) {
     00000000  30 45 02 21 00 d3 54 37  9e b9 95 63 fb 1c 2c 96  |0E.!..T7...c..,.|
     00000010  d8 d8 40 7a 4a a4 ae 38  18 db 23 0c 38 fa 8e 81  |..@zJ..8..#.8...|
     00000020  81 ff 28 d6 d0 02 20 49  65 48 b0 ac d6 d4 4b c3  |..(... IeH....K.|
     00000030  78 bb 85 30 15 6b f1 94  4c e1 3d 0f 44 75 5f 7c  |x..0.k..L.=.Du_||
     00000040  b4 66 ce da 8f 60 ac 01                           |.f...`..|
    },
    ([]uint8) (len=71 cap=144) {
     00000000  30 44 02 20 59 58 14 c1  ea b7 81 70 26 9e de f9  |0D. YX.....p&...|
     00000010  93 cb da a7 f4 03 7f 11  fc 24 07 4a 84 8a c9 a2  |.........$.J....|
     00000020  d6 8d 80 bf 02 20 6f 01  cc 30 9c 32 d3 91 22 5f  |..... o..0.2.."_|
     00000030  60 24 2f 9c 6a ce ac 95  fa 24 ef d0 a5 b6 6b 45  |`$/.j....$....kE|
     00000040  0a 5f 27 b7 4d 24 01                              |._'.M$.|
    },
    ([]uint8) (len=71 cap=500) {
     00000000  52 21 03 73 e2 57 27 cf  9f a8 98 66 b7 7f 10 23  |R!.s.W'....f...#|
     00000010  7d 26 dd cb 14 fd 51 bc  fc 34 dc 7a 90 11 89 0b  |}&....Q..4.z....|
     00000020  bd 6f 53 21 03 d2 2f 03  2e 2a cf 05 9d b8 a3 34  |.oS!../..*.....4|
     00000030  41 70 62 12 6c 9e 7a ca  ae 6e b9 36 3f ec 4a 8c  |Apb.l.z..n.6?.J.|
     00000040  f0 33 66 96 a3 52 ae                              |.3f..R.|
    }
   },
   Sequence: (uint32) 4294967295
  })
 },
 TxOut: ([]*wire.TxOut) (len=1 cap=15) {
  (*wire.TxOut)(0xc42015a960)({
   Value: (int64) 16759840,
   PkScript: ([]uint8) (len=22 cap=34) {
    00000000  00 14 15 5d 5a fa 0c 45  6b b3 5a 7d b0 0d 6b b4  |...]Z..Ek.Z}..k.|
    00000010  d2 60 eb 14 74 61                                 |.`..ta|
   }
  })
 },
 LockTime: (uint32) 0
})

2017-09-13 20:18:51.347 [INF] PEER: channel close tx from ChannelPoint(718c58bc5e421c7b46fa5f2f76e13778aeab6284e7ed858541858c107a01153b:0)  already exist, probably broadcasted by peer: -22: TX rejected: already have transaction 18c09d8c7ab9e4315350e14e21f9dc511655b1d4c09fd7d1106df56b4a7a910a
2017-09-13 20:18:51.347 [INF] HSWC: Removing channel link with ChannelID(3b15017a108c85418585ede78462abae7837e1762f5ffa467b1c425ebc588c71)
2017-09-13 20:18:51.347 [WRN] PEER: unable remove channel link with ChannelPoint(3b15017a108c85418585ede78462abae7837e1762f5ffa467b1c425ebc588c71): channel link not found
2017-09-13 20:18:51.347 [ERR] BRAR: Unable to find contract: 718c58bc5e421c7b46fa5f2f76e13778aeab6284e7ed858541858c107a01153b:0
2017-09-13 20:18:51.348 [INF] PEER: Waiting for confirmation of cooperative close of ChannelPoint(718c58bc5e421c7b46fa5f2f76e13778aeab6284e7ed858541858c107a01153b:0) with txid: 18c09d8c7ab9e4315350e14e21f9dc511655b1d4c09fd7d1106df56b4a7a910a
2017-09-13 20:18:51.348 [INF] NTFN: New confirmations subscription: txid=18c09d8c7ab9e4315350e14e21f9dc511655b1d4c09fd7d1106df56b4a7a910a, numconfs=1
2017-09-13 20:18:51.348 [INF] NTFN: Attempting to trigger dispatch for 18c09d8c7ab9e4315350e14e21f9dc511655b1d4c09fd7d1106df56b4a7a910a from historical chain
2017-09-13 20:18:51.350 [INF] CRTR: Pruning channel graph using block 06a6e7c8ebbe6109fe58fdc9f2a3919426418b566e9ed9a1960bb66a97f609f9 (height=396)
2017-09-13 20:18:51.350 [INF] CRTR: Block 06a6e7c8ebbe6109fe58fdc9f2a3919426418b566e9ed9a1960bb66a97f609f9 (height=396) closed 1 channels
2017-09-13 20:18:51.350 [INF] PEER: ChannelPoint(718c58bc5e421c7b46fa5f2f76e13778aeab6284e7ed858541858c107a01153b:0) is now closed at height 396
2017-09-13 20:18:51.350 [INF] NTFN: New block: height=396, sha=06a6e7c8ebbe6109fe58fdc9f2a3919426418b566e9ed9a1960bb66a97f609f9
2017-09-13 20:18:51.351 [INF] LTND: Received shutdown request.
2017-09-13 20:18:51.351 [INF] LTND: Shutting down...
2017-09-13 20:18:51.351 [INF] LTND: Gracefully shutting down the server...
2017-09-13 20:18:51.351 [INF] FNDG: Funding manager shutting down
2017-09-13 20:18:51.351 [INF] CRTR: Channel Router shutting down
2017-09-13 20:18:51.351 [INF] CRTR: FilteredChainView stopping
2017-09-13 20:18:51.351 [INF] HSWC: HLTC Switch shutting down
2017-09-13 20:18:51.351 [INF] UTXN: UTXO nursery shutting down
2017-09-13 20:18:51.352 [INF] BRAR: Breach arbiter shutting down
2017-09-13 20:18:51.352 [INF] DISC: Authenticated Gossiper is stopping
2017-09-13 20:18:51.353 [INF] SRVR: Disconnecting from 127.0.0.1:45786
2017-09-13 20:18:51.353 [INF] PEER: unable to read message from 127.0.0.1:45786: read tcp 127.0.0.1:19563->127.0.0.1:45786: use of closed network connection
2017-09-13 20:18:51.353 [INF] LTND: Shutdown complete
